SF:lib\data\models\delivery_model.dart
DA:13,0
DA:15,0
DA:17,0
DA:19,0
DA:21,0
DA:23,0
DA:25,0
DA:27,0
DA:29,0
DA:34,1
DA:36,1
DA:38,1
DA:40,1
DA:42,1
DA:43,1
DA:45,1
DA:46,1
DA:48,1
DA:49,1
DA:51,1
DA:53,1
DA:55,0
DA:56,0
DA:83,1
DA:103,1
DA:104,1
DA:106,2
DA:108,1
DA:109,2
DA:112,1
DA:113,1
DA:114,2
DA:116,1
DA:117,2
DA:120,1
DA:121,0
DA:124,1
DA:125,0
DA:128,2
DA:131,1
DA:132,2
DA:133,2
DA:134,0
DA:135,2
DA:136,0
DA:137,1
DA:138,2
DA:141,1
DA:142,2
DA:143,0
DA:144,3
DA:145,2
DA:146,0
DA:147,1
DA:148,2
DA:151,1
DA:152,1
DA:153,1
DA:155,1
DA:156,1
DA:157,1
DA:159,1
DA:160,1
DA:161,1
DA:163,1
DA:164,1
DA:165,1
DA:167,1
DA:168,1
DA:169,1
DA:171,1
DA:172,1
DA:173,1
DA:175,1
DA:176,2
DA:177,1
DA:178,1
DA:182,1
DA:183,1
DA:185,1
DA:186,0
DA:187,1
DA:189,1
DA:190,0
DA:191,1
DA:196,0
DA:197,0
DA:199,0
DA:200,0
DA:201,0
DA:202,0
DA:203,0
DA:204,0
DA:205,0
DA:206,0
DA:207,0
DA:208,0
DA:209,0
DA:210,0
DA:212,0
DA:213,0
DA:214,0
DA:215,0
DA:216,0
DA:217,0
DA:218,0
DA:219,0
DA:233,0
DA:243,0
DA:246,0
DA:247,0
DA:250,0
DA:251,0
DA:254,0
DA:255,0
DA:258,0
DA:259,0
DA:260,0
DA:262,0
DA:263,0
DA:266,0
DA:267,0
DA:269,0
LF:123
LH:66
end_of_record
SF:lib\data\models\order_model.dart
DA:9,0
DA:11,0
DA:13,0
DA:15,0
DA:17,0
DA:19,0
DA:21,0
DA:26,1
DA:28,1
DA:29,5
DA:30,0
DA:42,0
DA:50,0
DA:51,0
DA:52,0
DA:53,0
DA:54,0
DA:55,0
DA:56,0
DA:60,0
DA:61,0
DA:62,0
DA:63,0
DA:64,0
DA:65,0
DA:66,0
DA:81,1
DA:92,1
DA:94,1
DA:96,1
DA:99,1
DA:100,0
DA:102,2
DA:104,0
DA:108,1
DA:110,2
DA:111,0
DA:114,1
DA:115,2
DA:116,1
DA:117,1
DA:119,1
DA:120,1
DA:123,2
DA:126,1
DA:127,1
DA:128,1
DA:129,0
DA:130,1
DA:131,1
DA:133,1
DA:134,1
DA:136,1
DA:137,1
DA:142,0
DA:143,0
DA:144,0
DA:145,0
DA:146,0
DA:147,0
DA:148,0
DA:149,0
DA:150,0
DA:151,0
DA:166,0
DA:177,0
DA:178,0
DA:179,0
DA:180,0
DA:182,0
DA:183,0
DA:184,0
DA:185,0
DA:186,0
DA:187,0
DA:196,0
DA:198,0
DA:199,0
LF:78
LH:27
end_of_record
SF:lib\data\models\medication_model.dart
DA:13,0
DA:15,0
DA:17,0
DA:19,0
DA:21,0
DA:23,0
DA:25,0
DA:27,0
DA:29,0
DA:34,2
DA:36,1
DA:37,5
DA:38,0
DA:54,2
DA:66,2
DA:67,4
DA:68,2
DA:71,2
DA:77,2
DA:78,0
DA:80,4
DA:82,0
DA:86,2
DA:88,1
DA:89,2
DA:90,2
DA:93,2
DA:94,5
DA:95,5
DA:97,4
DA:99,4
DA:101,4
DA:102,5
DA:103,2
DA:104,4
DA:106,5
DA:107,5
DA:111,0
DA:112,0
DA:113,0
DA:114,0
DA:115,0
DA:116,0
DA:117,0
DA:118,0
DA:119,0
DA:133,1
DA:143,1
DA:144,1
DA:145,1
DA:146,1
DA:147,1
DA:148,2
DA:150,1
DA:151,1
DA:152,0
DA:153,0
DA:154,0
DA:157,1
DA:158,2
DA:159,0
DA:160,0
DA:162,0
DA:164,0
DA:165,0
DA:168,1
DA:169,2
DA:170,0
DA:171,0
DA:172,0
DA:178,0
DA:179,0
DA:184,0
DA:185,0
DA:186,0
DA:187,0
DA:188,0
DA:189,0
DA:190,0
DA:191,0
DA:192,0
DA:198,1
DA:200,1
DA:201,0
DA:202,0
DA:204,0
DA:225,1
DA:237,1
DA:238,1
DA:239,1
DA:240,1
DA:241,1
DA:242,1
DA:243,1
DA:244,2
DA:245,2
DA:247,1
DA:248,2
DA:249,1
DA:251,1
DA:252,2
DA:253,1
DA:257,0
DA:258,0
DA:259,0
DA:260,0
DA:261,0
DA:262,0
DA:263,0
DA:264,0
DA:265,0
DA:266,0
DA:267,0
DA:271,1
DA:274,3
DA:275,3
DA:277,6
DA:278,3
DA:279,4
DA:280,3
DA:281,2
DA:282,5
DA:283,1
DA:286,1
DA:287,2
LF:125
LH:68
end_of_record
SF:lib\core\constants\api_constants.dart
DA:4,0
DA:6,0
DA:7,0
DA:44,0
DA:45,0
DA:48,1
DA:49,1
DA:50,0
DA:51,0
DA:52,0
DA:53,0
DA:59,0
DA:60,0
DA:70,0
DA:71,0
DA:72,0
DA:73,0
DA:80,0
DA:81,0
DA:82,0
DA:83,0
DA:84,0
DA:85,0
DA:86,0
DA:87,0
DA:88,0
DA:90,0
DA:91,0
DA:96,0
DA:101,0
DA:102,0
DA:103,0
DA:107,0
DA:108,0
DA:109,0
DA:117,0
DA:118,0
DA:127,0
DA:128,0
LF:39
LH:2
end_of_record
SF:lib\core\services\api_service.dart
DA:13,0
DA:14,0
DA:15,0
DA:18,0
DA:19,0
DA:20,0
DA:21,0
DA:25,0
DA:32,0
DA:33,0
DA:40,0
DA:45,0
DA:46,0
DA:47,0
DA:49,0
DA:53,0
DA:56,0
DA:57,0
DA:58,0
DA:61,0
DA:63,0
DA:64,0
DA:65,0
DA:67,0
DA:69,0
DA:70,0
DA:71,0
DA:72,0
DA:73,0
DA:77,0
DA:79,0
DA:81,0
DA:82,0
DA:84,0
DA:85,0
DA:86,0
DA:88,0
DA:93,0
DA:94,0
DA:97,0
DA:98,0
DA:101,0
DA:102,0
DA:103,0
DA:105,0
DA:106,0
DA:109,0
DA:110,0
DA:111,0
DA:113,0
DA:118,0
DA:125,0
DA:129,0
DA:131,0
DA:133,0
DA:134,0
DA:139,0
DA:141,0
DA:146,0
DA:149,0
DA:151,0
DA:152,0
DA:154,0
DA:162,0
DA:164,0
DA:167,0
DA:168,0
DA:169,0
DA:170,0
DA:171,0
DA:174,0
DA:178,0
DA:188,0
DA:189,0
DA:195,0
DA:200,0
DA:204,0
DA:207,0
DA:212,0
DA:213,0
DA:218,0
DA:224,0
DA:226,0
DA:229,0
DA:230,0
DA:231,0
DA:232,0
DA:234,0
DA:240,0
DA:241,0
DA:242,0
DA:243,0
DA:248,0
DA:254,0
DA:256,0
DA:259,0
DA:260,0
DA:261,0
DA:262,0
DA:265,0
DA:271,0
DA:272,0
DA:273,0
DA:274,0
DA:275,0
DA:276,0
DA:277,0
DA:279,0
DA:284,0
DA:290,0
DA:292,0
DA:294,0
DA:296,0
DA:300,0
DA:301,0
DA:306,0
DA:312,0
DA:314,0
DA:316,0
DA:318,0
DA:322,0
DA:323,0
DA:328,0
DA:329,0
DA:335,0
DA:339,0
DA:346,0
DA:347,0
DA:348,0
DA:349,0
DA:350,0
DA:351,0
DA:352,0
DA:356,0
DA:357,0
DA:358,0
DA:359,0
DA:360,0
DA:361,0
DA:362,0
DA:363,0
DA:364,0
DA:368,0
DA:369,0
DA:370,0
DA:371,0
DA:373,0
DA:377,0
DA:378,0
DA:379,0
DA:381,0
DA:386,0
DA:387,0
DA:388,0
DA:389,0
DA:390,0
DA:394,0
DA:395,0
DA:396,0
DA:400,0
DA:401,0
DA:405,0
DA:406,0
DA:410,0
DA:416,0
DA:420,0
DA:424,0
DA:426,0
DA:428,0
DA:430,0
DA:435,0
DA:437,0
DA:441,0
DA:446,0
DA:447,0
DA:450,0
DA:453,0
DA:455,0
DA:456,0
DA:457,0
DA:458,0
LF:181
LH:0
end_of_record
SF:lib\data\repositories\medication_repository.dart
DA:9,1
DA:13,1
DA:25,2
DA:27,1
DA:28,1
DA:29,1
DA:30,0
DA:31,0
DA:32,0
DA:34,0
DA:35,0
DA:36,0
DA:37,0
DA:41,2
DA:43,3
DA:46,1
DA:47,1
DA:48,1
DA:50,1
DA:52,0
DA:53,0
DA:54,0
DA:60,1
DA:65,2
DA:66,2
DA:67,0
DA:71,2
DA:72,1
DA:73,0
DA:74,1
DA:75,1
DA:76,2
DA:81,1
DA:82,0
DA:86,1
DA:88,2
DA:90,2
DA:91,2
DA:94,2
DA:96,2
DA:97,1
DA:98,0
DA:100,2
DA:101,1
DA:104,3
DA:105,1
DA:110,0
DA:115,1
DA:117,0
DA:118,0
DA:124,1
DA:130,2
DA:132,1
DA:139,2
DA:141,3
DA:142,1
DA:143,3
DA:146,0
DA:147,0
DA:149,0
DA:150,0
DA:156,0
DA:160,0
DA:164,0
DA:166,0
DA:168,0
DA:169,0
DA:171,0
DA:173,0
DA:179,0
DA:183,0
DA:184,0
DA:186,0
DA:188,0
DA:190,0
DA:191,0
DA:193,0
DA:195,0
DA:201,0
DA:203,0
DA:204,0
DA:206,0
DA:208,0
DA:209,0
DA:211,0
DA:213,0
DA:214,0
DA:220,0
DA:222,0
DA:223,0
DA:225,0
DA:227,0
DA:228,0
DA:230,0
DA:232,0
DA:238,0
DA:243,0
DA:245,0
DA:248,0
DA:249,0
DA:253,0
DA:255,0
DA:256,0
DA:257,0
DA:258,0
DA:262,0
DA:263,0
DA:265,0
DA:266,0
LF:109
LH:40
end_of_record
SF:lib\presentation\providers\medication_provider.dart
DA:27,2
DA:28,0
DA:29,2
DA:30,2
DA:32,2
DA:33,2
DA:35,0
DA:36,0
DA:37,0
DA:38,0
DA:39,0
DA:40,0
DA:41,0
DA:43,1
DA:46,1
DA:57,1
DA:58,1
DA:59,1
DA:60,2
DA:61,2
DA:62,2
DA:63,2
DA:64,2
DA:65,2
DA:66,1
DA:69,2
DA:72,1
DA:75,1
DA:76,1
DA:77,1
DA:78,1
DA:79,1
DA:82,1
DA:84,1
DA:86,0
DA:87,0
DA:88,0
DA:90,1
DA:91,1
DA:96,0
DA:97,0
DA:98,0
DA:99,0
DA:102,0
DA:105,0
DA:106,0
DA:108,0
DA:109,0
DA:110,0
DA:112,0
DA:113,0
DA:118,0
DA:123,0
DA:124,0
DA:125,0
DA:128,0
DA:133,0
DA:134,0
DA:136,0
DA:137,0
DA:138,0
DA:140,0
DA:141,0
DA:146,0
DA:147,0
DA:148,0
DA:149,0
DA:152,0
DA:153,0
DA:154,0
DA:156,0
DA:157,0
DA:158,0
DA:160,0
DA:161,0
DA:166,0
DA:167,0
DA:168,0
DA:169,0
DA:172,0
DA:173,0
DA:174,0
DA:176,0
DA:177,0
DA:178,0
DA:180,0
DA:181,0
DA:186,0
DA:187,0
DA:188,0
DA:189,0
DA:192,0
DA:193,0
DA:194,0
DA:196,0
DA:197,0
DA:198,0
DA:200,0
DA:201,0
DA:206,0
DA:207,0
DA:208,0
DA:209,0
DA:212,0
DA:213,0
DA:214,0
DA:216,0
DA:217,0
DA:218,0
DA:220,0
DA:221,0
DA:226,1
DA:227,1
DA:229,3
DA:230,3
DA:231,1
DA:235,1
DA:236,1
DA:238,0
DA:241,1
DA:242,1
DA:243,5
DA:244,1
DA:245,1
DA:249,1
DA:253,1
DA:254,6
DA:255,1
DA:259,1
DA:262,1
DA:263,1
DA:264,1
DA:265,0
DA:267,1
DA:268,1
DA:275,1
DA:276,1
DA:277,1
DA:278,1
DA:279,5
DA:281,0
DA:282,0
DA:289,1
DA:290,2
DA:291,2
DA:292,1
DA:293,1
DA:294,1
DA:295,1
DA:296,1
DA:297,1
DA:298,1
DA:299,1
DA:300,1
DA:304,1
DA:306,1
DA:307,1
DA:310,1
DA:312,1
DA:313,1
LF:160
LH:73
end_of_record
SF:lib\data\models\user_model.dart
DA:28,1
DA:46,1
DA:47,2
DA:49,1
DA:52,2
DA:58,1
DA:59,0
DA:61,2
DA:63,0
DA:67,1
DA:68,2
DA:70,1
DA:72,1
DA:74,0
DA:76,0
DA:84,1
DA:85,3
DA:86,3
DA:87,3
DA:88,3
DA:89,3
DA:90,2
DA:91,2
DA:92,2
DA:93,2
DA:94,2
DA:95,3
DA:96,3
DA:97,3
DA:98,1
DA:99,3
DA:101,1
DA:102,3
DA:107,0
DA:108,0
DA:109,0
DA:110,0
DA:111,0
DA:112,0
DA:113,0
DA:114,0
DA:115,0
DA:116,0
DA:117,0
DA:118,0
DA:119,0
DA:120,0
DA:121,0
DA:122,0
DA:123,0
DA:127,0
DA:129,0
DA:130,0
DA:131,0
DA:132,0
DA:133,0
DA:135,0
DA:137,0
DA:140,0
DA:157,0
DA:158,0
DA:159,0
DA:160,0
DA:161,0
DA:162,0
DA:163,0
DA:164,0
DA:165,0
DA:166,0
DA:167,0
DA:168,0
DA:169,0
DA:170,0
DA:171,0
DA:172,0
LF:75
LH:29
end_of_record
